<?xml version="1.0" encoding="UTF-8"?>
<!-- Generated by org.testng.reporters.JUnitReportReporter -->
<testsuite skipped="0" hostname="DESKTOP-QRBDM40" name="TestCase.Login" tests="1" failures="0" timestamp="2020-09-09T15:37:36 CST" time="12.852" errors="0">
  <testcase name="TestCase1_Normal_Login" time="12.852" classname="TestCase.Login"/>
  <system-out/>
</testsuite> <!-- TestCase.Login -->
